[INFO] Scanning for projects...
[INFO] 
[INFO] --------------------< com.example:pointage-backend >--------------------
[INFO] Building pointage-backend 0.0.1-SNAPSHOT
[INFO]   from pom.xml
[INFO] --------------------------------[ jar ]---------------------------------
[INFO] 
[INFO] --- clean:3.4.0:clean (default-clean) @ pointage-backend ---
[INFO] Deleting C:\Users\zak-ben\Desktop\ProjectPointage\backend_project_pointage\pointage-backend\target
[INFO] 
[INFO] --- resources:3.3.1:resources (default-resources) @ pointage-backend ---
[INFO] Copying 1 resource from src\main\resources to target\classes
[INFO] Copying 0 resource from src\main\resources to target\classes
[INFO] 
[INFO] --- compiler:3.13.0:compile (default-compile) @ pointage-backend ---
[INFO] Recompiling the module because of changed source code.
[INFO] Compiling 41 source files with javac [debug parameters release 17] to target\classes
[INFO] ------------------------------------------------------------------------
[INFO] BUILD SUCCESS
[INFO] ------------------------------------------------------------------------
[INFO] Total time:  16.194 s
[INFO] Finished at: 2026-03-19T11:18:57+01:00
[INFO] ------------------------------------------------------------------------
